<?xml version="1.0" encoding="UTF-8" ?>
<testsuite tests="3" failures="0" name="br.com.companhia.vendas.test.infrastructure.db.H2JDBCUtilsTest" time="0.402" errors="0" skipped="0">
  <properties>
[...]
</properties>
  <testcase classname="br.com.companhia.vendas.test.infrastructure.db.H2JDBCUtilsTest" name="testH2Connection" time="0.395"/>
  <testcase classname="br.com.companhia.vendas.test.infrastructure.db.H2JDBCUtilsTest" name="testTableInsert" time="0.002"/>
  <testcase classname="br.com.companhia.vendas.test.infrastructure.db.H2JDBCUtilsTest" name="testDBCreation" time="0.005"/>
</testsuite>